# JRE version: Java(TM) SE Runtime Environment (13.0.2+8) (build 13.0.2+8)
# Java VM: Java HotSpot(TM) 64-Bit Server VM (13.0.2+8, mixed mode, sharing, tiered, compressed oops, g1 gc, windows-amd64)
Heap:
 garbage-first heap   total 384000K, used 121721K [0x0000000080000000, 0x0000000100000000)
  region size 1024K, 14 young (14336K), 8 survivors (8192K)
 Metaspace       used 140331K, capacity 145591K, committed 148428K, reserved 1177600K
  class space    used 17389K, capacity 19141K, committed 19660K, reserved 1048576K
GC Heap History (20 events):
Event: 4994.793 GC heap before
{Heap before GC invocations=98 (full 0):
 garbage-first heap   total 384000K, used 143102K [0x0000000080000000, 0x0000000100000000)
  region size 1024K, 24 young (24576K), 10 survivors (10240K)
 Metaspace       used 141013K, capacity 145888K, committed 145996K, reserved 1175552K
  class space    used 17508K, capacity 19184K, committed 19276K, reserved 1048576K
}
Event: 4994.809 GC heap after
{Heap after GC invocations=99 (full 0):
 garbage-first heap   total 384000K, used 131483K [0x0000000080000000, 0x0000000100000000)
  region size 1024K, 11 young (11264K), 11 survivors (11264K)
 Metaspace       used 141013K, capacity 145888K, committed 145996K, reserved 1175552K
  class space    used 17508K, capacity 19184K, committed 19276K, reserved 1048576K
}
Event: 4996.408 GC heap before
{Heap before GC invocations=100 (full 0):
 garbage-first heap   total 384000K, used 275867K [0x0000000080000000, 0x0000000100000000)
  region size 1024K, 136 young (139264K), 11 survivors (11264K)
 Metaspace       used 141053K, capacity 145955K, committed 146252K, reserved 1175552K
  class space    used 17508K, capacity 19184K, committed 19276K, reserved 1048576K
}
Event: 4996.428 GC heap after
{Heap after GC invocations=101 (full 0):
 garbage-first heap   total 384000K, used 134658K [0x0000000080000000, 0x0000000100000000)
  region size 1024K, 9 young (9216K), 9 survivors (9216K)
 Metaspace       used 141053K, capacity 145955K, committed 146252K, reserved 1175552K
  class space    used 17508K, capacity 19184K, committed 19276K, reserved 1048576K
}
Event: 4998.030 GC heap before
{Heap before GC invocations=101 (full 0):
 garbage-first heap   total 384000K, used 148994K [0x0000000080000000, 0x0000000100000000)
  region size 1024K, 25 young (25600K), 9 survivors (9216K)
 Metaspace       used 141088K, capacity 145965K, committed 146252K, reserved 1175552K
  class space    used 17509K, capacity 19186K, committed 19276K, reserved 1048576K
}
Event: 4998.046 GC heap after
{Heap after GC invocations=102 (full 0):
 garbage-first heap   total 384000K, used 134952K [0x0000000080000000, 0x0000000100000000)
  region size 1024K, 9 young (9216K), 9 survivors (9216K)
 Metaspace       used 141088K, capacity 145965K, committed 146252K, reserved 1175552K
  class space    used 17509K, capacity 19186K, committed 19276K, reserved 1048576K
}
Event: 5031.642 GC heap before
{Heap before GC invocations=103 (full 0):
 garbage-first heap   total 384000K, used 212776K [0x0000000080000000, 0x0000000100000000)
  region size 1024K, 69 young (70656K), 9 survivors (9216K)
 Metaspace       used 142361K, capacity 147873K, committed 148172K, reserved 1177600K
  class space    used 17738K, capacity 19604K, committed 19660K, reserved 1048576K
}
Event: 5031.663 GC heap after
{Heap after GC invocations=104 (full 0):
 garbage-first heap   total 384000K, used 136838K [0x0000000080000000, 0x0000000100000000)
  region size 1024K, 11 young (11264K), 11 survivors (11264K)
 Metaspace       used 142361K, capacity 147873K, committed 148172K, reserved 1177600K
  class space    used 17738K, capacity 19604K, committed 19660K, reserved 1048576K
}
Event: 5033.534 GC heap before
{Heap before GC invocations=105 (full 0):
 garbage-first heap   total 384000K, used 284294K [0x0000000080000000, 0x0000000100000000)
  region size 1024K, 140 young (143360K), 11 survivors (11264K)
 Metaspace       used 142442K, capacity 148068K, committed 148172K, reserved 1177600K
  class space    used 17738K, capacity 19604K, committed 19660K, reserved 1048576K
}
Event: 5033.561 GC heap after
{Heap after GC invocations=106 (full 0):
 garbage-first heap   total 384000K, used 140160K [0x0000000080000000, 0x0000000100000000)
  region size 1024K, 11 young (11264K), 11 survivors (11264K)
 Metaspace       used 142442K, capacity 148068K, committed 148172K, reserved 1177600K
  class space    used 17738K, capacity 19604K, committed 19660K, reserved 1048576K
}
Event: 5055.111 GC heap before
{Heap before GC invocations=107 (full 0):
 garbage-first heap   total 384000K, used 213888K [0x0000000080000000, 0x0000000100000000)
  region size 1024K, 67 young (68608K), 11 survivors (11264K)
 Metaspace       used 142529K, capacity 148140K, committed 148428K, reserved 1177600K
  class space    used 17738K, capacity 19605K, committed 19660K, reserved 1048576K
}
Event: 5055.128 GC heap after
{Heap after GC invocations=108 (full 0):
 garbage-first heap   total 384000K, used 136619K [0x0000000080000000, 0x0000000100000000)
  region size 1024K, 7 young (7168K), 7 survivors (7168K)
 Metaspace       used 142529K, capacity 148140K, committed 148428K, reserved 1177600K
  class space    used 17738K, capacity 19605K, committed 19660K, reserved 1048576K
}
Event: 5056.814 GC heap before
{Heap before GC invocations=109 (full 0):
 garbage-first heap   total 384000K, used 283051K [0x0000000080000000, 0x0000000100000000)
  region size 1024K, 136 young (139264K), 7 survivors (7168K)
 Metaspace       used 142594K, capacity 148217K, committed 148428K, reserved 1177600K
  class space    used 17739K, capacity 19606K, committed 19660K, reserved 1048576K
}
Event: 5056.832 GC heap after
{Heap after GC invocations=110 (full 0):
 garbage-first heap   total 384000K, used 139251K [0x0000000080000000, 0x0000000100000000)
  region size 1024K, 11 young (11264K), 11 survivors (11264K)
 Metaspace       used 142594K, capacity 148217K, committed 148428K, reserved 1177600K
  class space    used 17739K, capacity 19606K, committed 19660K, reserved 1048576K
}
Event: 5669.972 GC heap before
{Heap before GC invocations=111 (full 0):
 garbage-first heap   total 384000K, used 228339K [0x0000000080000000, 0x0000000100000000)
  region size 1024K, 82 young (83968K), 11 survivors (11264K)
 Metaspace       used 142731K, capacity 148347K, committed 148428K, reserved 1177600K
  class space    used 17756K, capacity 19637K, committed 19660K, reserved 1048576K
}
Event: 5669.992 GC heap after
{Heap after GC invocations=112 (full 0):
 garbage-first heap   total 384000K, used 136047K [0x0000000080000000, 0x0000000100000000)
  region size 1024K, 8 young (8192K), 8 survivors (8192K)
 Metaspace       used 142731K, capacity 148347K, committed 148428K, reserved 1177600K
  class space    used 17756K, capacity 19637K, committed 19660K, reserved 1048576K
}
Event: 7240.008 GC heap before
{Heap before GC invocations=113 (full 0):
 garbage-first heap   total 384000K, used 333679K [0x0000000080000000, 0x0000000100000000)
  region size 1024K, 167 young (171008K), 8 survivors (8192K)
 Metaspace       used 140184K, capacity 145339K, committed 148428K, reserved 1177600K
  class space    used 17383K, capacity 19130K, committed 19660K, reserved 1048576K
}
Event: 7240.022 GC heap after
{Heap after GC invocations=114 (full 0):
 garbage-first heap   total 384000K, used 131057K [0x0000000080000000, 0x0000000100000000)
  region size 1024K, 3 young (3072K), 3 survivors (3072K)
 Metaspace       used 140184K, capacity 145339K, committed 148428K, reserved 1177600K
  class space    used 17383K, capacity 19130K, committed 19660K, reserved 1048576K
}
Event: 8094.772 GC heap before
{Heap before GC invocations=114 (full 0):
 garbage-first heap   total 384000K, used 145393K [0x0000000080000000, 0x0000000100000000)
  region size 1024K, 18 young (18432K), 3 survivors (3072K)
 Metaspace       used 140189K, capacity 145339K, committed 148428K, reserved 1177600K
  class space    used 17383K, capacity 19130K, committed 19660K, reserved 1048576K
}
Event: 8094.874 GC heap after
{Heap after GC invocations=115 (full 0):
 garbage-first heap   total 384000K, used 110397K [0x0000000080000000, 0x0000000100000000)
  region size 1024K, 2 young (2048K), 2 survivors (2048K)
 Metaspace       used 140189K, capacity 145339K, committed 148428K, reserved 1177600K
  class space    used 17383K, capacity 19130K, committed 19660K, reserved 1048576K
}

